/scratch/pedro.ciambra/repos/iara/applications/experiment-framework/merge_measurements.py:187: FutureWarning: The behavior of DataFrame concatenation with empty or all-NA entries is deprecated. In a future version, this will no longer exclude empty or all-NA columns when determining the result dtypes. To retain the old behavior, exclude the relevant entries before the concat operation.
  results_df = pd.concat([runtime_df, binary_df, comp_df], ignore_index=True)
[INFO] ======================================================================
[INFO] Experiment Analysis Workflow
[INFO] ======================================================================
[INFO] Build directory: build_experiments
[INFO] Application: 05-cholesky
[INFO] Experiment set: regression
[INFO] 
Step 1: Collecting binary data...
Processing 05-cholesky_regression_omp-for_matrix_size_2048_num_blocks_2...
  Found 30 sections
Processing 05-cholesky_regression_omp-for_matrix_size_2048_num_blocks_4...
  Found 30 sections
Processing 05-cholesky_regression_omp-for_matrix_size_4096_num_blocks_2...
  Found 30 sections
Processing 05-cholesky_regression_omp-for_matrix_size_4096_num_blocks_4...
  Found 30 sections
Processing 05-cholesky_regression_sequential_matrix_size_2048_num_blocks_2...
  Found 30 sections
Processing 05-cholesky_regression_sequential_matrix_size_2048_num_blocks_4...
  Found 30 sections
Processing 05-cholesky_regression_sequential_matrix_size_4096_num_blocks_2...
  Found 30 sections
Processing 05-cholesky_regression_sequential_matrix_size_4096_num_blocks_4...
  Found 30 sections
Processing 05-cholesky_regression_vf-enkits_matrix_size_2048_num_blocks_2...
  Found 36 sections
Processing 05-cholesky_regression_vf-enkits_matrix_size_2048_num_blocks_4...
  Found 36 sections
Processing 05-cholesky_regression_vf-enkits_matrix_size_4096_num_blocks_2...
  Found 36 sections
Processing 05-cholesky_regression_vf-enkits_matrix_size_4096_num_blocks_4...
  Found 36 sections
Processing 05-cholesky_regression_vf-omp_matrix_size_2048_num_blocks_2...
  Found 35 sections
Processing 05-cholesky_regression_vf-omp_matrix_size_2048_num_blocks_4...
  Found 35 sections
Processing 05-cholesky_regression_vf-omp_matrix_size_4096_num_blocks_2...
  Found 35 sections
Processing 05-cholesky_regression_vf-omp_matrix_size_4096_num_blocks_4...
  Found 35 sections

Wrote binary data to build_experiments/05-cholesky_regression_binary_data.csv
[SUCCESS] Binary data collected: build_experiments/05-cholesky_regression_binary_data.csv
[INFO] 
Step 2: Collecting runtime measurements...
Running 05-cholesky_regression_omp-for_matrix_size_2048_num_blocks_2...
  Extracted measurements: ['max_rss_mb']
Running 05-cholesky_regression_omp-for_matrix_size_2048_num_blocks_4...
  Extracted measurements: ['max_rss_mb']
Running 05-cholesky_regression_omp-for_matrix_size_4096_num_blocks_2...
  Extracted measurements: ['max_rss_mb']
Running 05-cholesky_regression_omp-for_matrix_size_4096_num_blocks_4...
  Extracted measurements: ['max_rss_mb']
Running 05-cholesky_regression_sequential_matrix_size_2048_num_blocks_2...
  Extracted measurements: ['max_rss_mb']
Running 05-cholesky_regression_sequential_matrix_size_2048_num_blocks_4...
  Extracted measurements: ['max_rss_mb']
Running 05-cholesky_regression_sequential_matrix_size_4096_num_blocks_2...
  Extracted measurements: ['max_rss_mb']
Running 05-cholesky_regression_sequential_matrix_size_4096_num_blocks_4...
  Extracted measurements: ['max_rss_mb']
Running 05-cholesky_regression_vf-enkits_matrix_size_2048_num_blocks_2...
  Extracted measurements: ['max_rss_mb']
Running 05-cholesky_regression_vf-enkits_matrix_size_2048_num_blocks_4...
  Extracted measurements: ['max_rss_mb']
Running 05-cholesky_regression_vf-enkits_matrix_size_4096_num_blocks_2...
  Extracted measurements: ['max_rss_mb']
Running 05-cholesky_regression_vf-enkits_matrix_size_4096_num_blocks_4...
  Extracted measurements: ['max_rss_mb']
Running 05-cholesky_regression_vf-omp_matrix_size_2048_num_blocks_2...
  Extracted measurements: ['max_rss_mb']
Running 05-cholesky_regression_vf-omp_matrix_size_2048_num_blocks_4...
  Extracted measurements: ['max_rss_mb']
Running 05-cholesky_regression_vf-omp_matrix_size_4096_num_blocks_2...
  Extracted measurements: ['max_rss_mb']
Running 05-cholesky_regression_vf-omp_matrix_size_4096_num_blocks_4...
  Extracted measurements: ['max_rss_mb']

Wrote runtime measurements to build_experiments/05-cholesky_regression_runtime_measurements.csv
[SUCCESS] Runtime measurements collected: build_experiments/05-cholesky_regression_runtime_measurements.csv
[INFO] 
Step 3: Merging measurements...
Loading runtime measurements...
  Loaded 16 rows from 05-cholesky_regression_runtime_measurements.csv
Loading binary data...
  Loaded 524 rows from 05-cholesky_regression_binary_data.csv
Adding binary compilation times...
Combining measurements...
Writing 556 measurement rows to /scratch/pedro.ciambra/repos/iara/applications/05-cholesky/experiment/results/results_20251209_052603.csv...

Results file created: /scratch/pedro.ciambra/repos/iara/applications/05-cholesky/experiment/results/results_20251209_052603.csv
Total measurements: 556
Unique tests: 16
Measurement types: max_rss_mb, section_size, binary_compilation_time
[SUCCESS] Measurements merged: /scratch/pedro.ciambra/repos/iara/applications/05-cholesky/experiment/results/results_20251209_052603.csv
[INFO] 
Step 4: Generating Jupyter notebook with visualizations...
Loaded YAML config from /scratch/pedro.ciambra/repos/iara/applications/05-cholesky/experiment/experiments.yaml
Application: 05-cholesky
Scheduler order: ['sequential', 'omp-for', 'omp-task', 'enkits-task', 'vf-omp', 'vf-enkits']
Loaded 556 result rows from results_20251209_052603.csv
Notebook saved to: /scratch/pedro.ciambra/repos/iara/applications/05-cholesky/experiment/results/results_analysis_20251209_052603.ipynb
[SUCCESS] Notebook generated: /scratch/pedro.ciambra/repos/iara/applications/05-cholesky/experiment/results/results_analysis_20251209_052603.ipynb
[INFO] Executing notebook with nbconvert...
[SUCCESS] Notebook executed and converted to HTML: /scratch/pedro.ciambra/repos/iara/applications/05-cholesky/experiment/results/results_analysis_20251209_052603.html
[INFO] 
======================================================================
[SUCCESS] Experiment analysis workflow completed!
[INFO] ======================================================================
